<?xml version="1.0" encoding="UTF-8"?>
<!-- Generated by org.testng.reporters.JUnitReportReporter -->
<testsuite hostname="Shubhankar" failures="0" tests="1" name="velvetresidences.TestCases.TC_Logout_004" time="16.611" errors="0" timestamp="2024-09-06T15:04:07 IST" skipped="0">
  <testcase classname="velvetresidences.TestCases.TC_Logout_004" name="verifylogoutfunctionality" time="16.611"/>
</testsuite> <!-- velvetresidences.TestCases.TC_Logout_004 -->
