<?xml version="1.0" encoding="UTF-8"?>
<!-- Generated by org.testng.reporters.JUnitReportReporter -->
<testsuite hostname="Shubhankar" failures="0" tests="1" name="velvetresidences.TestCases.TC_Contactusform_006" time="16.250" errors="0" timestamp="2024-09-11T15:14:53 IST" skipped="0">
  <testcase classname="velvetresidences.TestCases.TC_Contactusform_006" name="submitcontactusformwithinvalidemail" time="16.250"/>
</testsuite> <!-- velvetresidences.TestCases.TC_Contactusform_006 -->
