<?xml version="1.0" encoding="UTF-8"?>
<!-- Generated by org.testng.reporters.JUnitReportReporter -->
<testsuite hostname="Shubhankar" failures="0" tests="1" name="velvetresidences.TestCases.TC_Propertylisting_007" time="15.366" errors="0" timestamp="2024-09-11T17:16:27 IST" skipped="0">
  <testcase classname="velvetresidences.TestCases.TC_Propertylisting_007" name="verifypropertylisting" time="15.366"/>
</testsuite> <!-- velvetresidences.TestCases.TC_Propertylisting_007 -->
