<?xml version="1.0" encoding="UTF-8"?>
<!-- Generated by org.testng.reporters.JUnitReportReporter -->
<testsuite hostname="Shubhankar" failures="0" tests="1" name="velvetresidences.TestCases.TC_Forgotpassword_003" time="12.425" errors="0" timestamp="2024-09-06T15:04:07 IST" skipped="0">
  <testcase classname="velvetresidences.TestCases.TC_Forgotpassword_003" name="verifyforgotpasswordtextlink" time="12.425"/>
</testsuite> <!-- velvetresidences.TestCases.TC_Forgotpassword_003 -->
