<?xml version="1.0" encoding="UTF-8"?>
<!-- Generated by org.testng.reporters.JUnitReportReporter -->
<testsuite hostname="Shubhankar" failures="0" tests="1" name="velvetresidences.TestCases.TC_Searchproperty_005" time="9.097" errors="0" timestamp="2024-09-09T17:43:07 IST" skipped="0">
  <testcase classname="velvetresidences.TestCases.TC_Searchproperty_005" name="verifypaginationonpropertylistingpage" time="9.097"/>
</testsuite> <!-- velvetresidences.TestCases.TC_Searchproperty_005 -->
