<?xml version="1.0" encoding="UTF-8"?>
<!-- Generated by org.testng.reporters.JUnitReportReporter -->
<testsuite hostname="Shubhankar" failures="0" tests="1" name="cliqlens.com.TestCases.TC_Register_001" time="23.300" errors="0" timestamp="2024-09-04T16:50:54 IST" skipped="0">
  <testcase classname="cliqlens.com.TestCases.TC_Register_001" name="Registerwithinvalidemailone" time="23.300"/>
</testsuite> <!-- cliqlens.com.TestCases.TC_Register_001 -->
