<?xml version="1.0" encoding="UTF-8"?>
<!-- Generated by org.testng.reporters.JUnitReportReporter -->
<testsuite hostname="Shubhankar" failures="0" tests="1" name="velvetresidences.TestCases.TC_Login_002" time="5.966" errors="0" timestamp="2024-09-05T16:29:02 IST" skipped="0">
  <testcase classname="velvetresidences.TestCases.TC_Login_002" name="Loginwithinvalidpassword" time="5.966"/>
</testsuite> <!-- velvetresidences.TestCases.TC_Login_002 -->
